<?xml version="1.0" encoding="UTF-8"?>
<testsuite name="ic.doc.camera.CameraTest" tests="6" skipped="0" failures="0" errors="0" timestamp="2024-02-06T21:08:14" hostname="oak03.doc.ic.ac.uk" time="0.02">
  <properties/>
  <testcase name="pressingTheShutterWhenThePowerIsOffDoesNothing" classname="ic.doc.camera.CameraTest" time="0.011"/>
  <testcase name="pressingTheShutterWithThePowerOnCopiesDataFromSensorToMemoryCard" classname="ic.doc.camera.CameraTest" time="0.006"/>
  <testcase name="switchingTheCameraOffPowersDownTheSensor" classname="ic.doc.camera.CameraTest" time="0.002"/>
  <testcase name="switchingCameraOffWhenDataIsBeingWrittenDoesNotPowerDownSensor" classname="ic.doc.camera.CameraTest" time="0.0"/>
  <testcase name="cameraPowersDownSensorAfterDataWritingIsComplete" classname="ic.doc.camera.CameraTest" time="0.0"/>
  <testcase name="switchingTheCameraOnPowersUpTheSensor" classname="ic.doc.camera.CameraTest" time="0.0"/>
  <system-out><![CDATA[]]></system-out>
  <system-err><![CDATA[]]></system-err>
</testsuite>
